# JRE version: Java(TM) SE Runtime Environment (21.0.6+8) (build 21.0.6+8-LTS-188)
# Java VM: Java HotSpot(TM) 64-Bit Server VM (21.0.6+8-LTS-188, mixed mode, sharing, tiered, compressed oops, compressed class ptrs, g1 gc, windows-amd64)
GC Precious Log:
 CardTable entry size: 512
 Card Set container configuration: InlinePtr #cards 5 size 8 Array Of Cards #cards 12 size 40 Howl #buckets 4 coarsen threshold 1843 Howl Bitmap #cards 512 size 80 coarsen threshold 460 Card regions per heap region 1 cards per card region 2048
 CPUs: 8 total, 8 available
 Memory: 7926M
 Large Page Support: Disabled
 NUMA Support: Disabled
 Compressed Oops: Enabled (32-bit)
 Heap Region Size: 1M
 Heap Min Capacity: 8M
 Heap Initial Capacity: 124M
 Heap Max Capacity: 1982M
 Pre-touch: Disabled
 Parallel Workers: 8
 Concurrent Workers: 2
 Concurrent Refinement Workers: 8
 Periodic GC: Disabled
Heap:
 garbage-first heap   total 78848K, used 49542K [0x0000000084200000, 0x0000000100000000)
  region size 1024K, 23 young (23552K), 4 survivors (4096K)
 Metaspace       used 52613K, committed 53376K, reserved 1114112K
  class space    used 6816K, committed 7168K, reserved 1048576K
GC Heap History (20 events):
Event: 1.675 GC heap before
{Heap before GC invocations=0 (full 0):
 garbage-first heap   total 126976K, used 28672K [0x0000000084200000, 0x0000000100000000)
  region size 1024K, 23 young (23552K), 0 survivors (0K)
 Metaspace       used 3998K, committed 4224K, reserved 1114112K
  class space    used 398K, committed 512K, reserved 1048576K
}
Event: 1.688 GC heap after
{Heap after GC invocations=1 (full 0):
 garbage-first heap   total 126976K, used 13568K [0x0000000084200000, 0x0000000100000000)
  region size 1024K, 3 young (3072K), 3 survivors (3072K)
 Metaspace       used 3998K, committed 4224K, reserved 1114112K
  class space    used 398K, committed 512K, reserved 1048576K
}
Event: 2.586 GC heap before
{Heap before GC invocations=1 (full 0):
 garbage-first heap   total 126976K, used 30976K [0x0000000084200000, 0x0000000100000000)
  region size 1024K, 20 young (20480K), 3 survivors (3072K)
 Metaspace       used 8327K, committed 8512K, reserved 1114112K
  class space    used 949K, committed 1024K, reserved 1048576K
}
Event: 2.596 GC heap after
{Heap after GC invocations=2 (full 0):
 garbage-first heap   total 126976K, used 13484K [0x0000000084200000, 0x0000000100000000)
  region size 1024K, 3 young (3072K), 3 survivors (3072K)
 Metaspace       used 8327K, committed 8512K, reserved 1114112K
  class space    used 949K, committed 1024K, reserved 1048576K
}
Event: 3.651 GC heap before
{Heap before GC invocations=2 (full 0):
 garbage-first heap   total 126976K, used 50348K [0x0000000084200000, 0x0000000100000000)
  region size 1024K, 40 young (40960K), 3 survivors (3072K)
 Metaspace       used 17738K, committed 18048K, reserved 1114112K
  class space    used 2215K, committed 2368K, reserved 1048576K
}
Event: 3.667 GC heap after
{Heap after GC invocations=3 (full 0):
 garbage-first heap   total 126976K, used 16217K [0x0000000084200000, 0x0000000100000000)
  region size 1024K, 5 young (5120K), 5 survivors (5120K)
 Metaspace       used 17738K, committed 18048K, reserved 1114112K
  class space    used 2215K, committed 2368K, reserved 1048576K
}
Event: 3.981 GC heap before
{Heap before GC invocations=3 (full 0):
 garbage-first heap   total 126976K, used 36697K [0x0000000084200000, 0x0000000100000000)
  region size 1024K, 26 young (26624K), 5 survivors (5120K)
 Metaspace       used 21241K, committed 21504K, reserved 1114112K
  class space    used 2622K, committed 2752K, reserved 1048576K
}
Event: 3.988 GC heap after
{Heap after GC invocations=4 (full 0):
 garbage-first heap   total 126976K, used 18830K [0x0000000084200000, 0x0000000100000000)
  region size 1024K, 8 young (8192K), 8 survivors (8192K)
 Metaspace       used 21241K, committed 21504K, reserved 1114112K
  class space    used 2622K, committed 2752K, reserved 1048576K
}
Event: 4.943 GC heap before
{Heap before GC invocations=5 (full 0):
 garbage-first heap   total 65536K, used 48526K [0x0000000084200000, 0x0000000100000000)
  region size 1024K, 38 young (38912K), 8 survivors (8192K)
 Metaspace       used 24240K, committed 24576K, reserved 1114112K
  class space    used 3009K, committed 3136K, reserved 1048576K
}
Event: 4.957 GC heap after
{Heap after GC invocations=6 (full 0):
 garbage-first heap   total 65536K, used 19079K [0x0000000084200000, 0x0000000100000000)
  region size 1024K, 4 young (4096K), 4 survivors (4096K)
 Metaspace       used 24240K, committed 24576K, reserved 1114112K
  class space    used 3009K, committed 3136K, reserved 1048576K
}
Event: 6.190 GC heap before
{Heap before GC invocations=6 (full 0):
 garbage-first heap   total 65536K, used 48775K [0x0000000084200000, 0x0000000100000000)
  region size 1024K, 33 young (33792K), 4 survivors (4096K)
 Metaspace       used 31034K, committed 31552K, reserved 1114112K
  class space    used 3971K, committed 4224K, reserved 1048576K
}
Event: 6.209 GC heap after
{Heap after GC invocations=7 (full 0):
 garbage-first heap   total 65536K, used 20627K [0x0000000084200000, 0x0000000100000000)
  region size 1024K, 5 young (5120K), 5 survivors (5120K)
 Metaspace       used 31034K, committed 31552K, reserved 1114112K
  class space    used 3971K, committed 4224K, reserved 1048576K
}
Event: 7.181 GC heap before
{Heap before GC invocations=7 (full 0):
 garbage-first heap   total 65536K, used 50323K [0x0000000084200000, 0x0000000100000000)
  region size 1024K, 34 young (34816K), 5 survivors (5120K)
 Metaspace       used 35268K, committed 35840K, reserved 1114112K
  class space    used 4569K, committed 4800K, reserved 1048576K
}
Event: 7.199 GC heap after
{Heap after GC invocations=8 (full 0):
 garbage-first heap   total 78848K, used 23258K [0x0000000084200000, 0x0000000100000000)
  region size 1024K, 5 young (5120K), 5 survivors (5120K)
 Metaspace       used 35268K, committed 35840K, reserved 1114112K
  class space    used 4569K, committed 4800K, reserved 1048576K
}
Event: 7.271 GC heap before
{Heap before GC invocations=8 (full 0):
 garbage-first heap   total 78848K, used 25306K [0x0000000084200000, 0x0000000100000000)
  region size 1024K, 8 young (8192K), 5 survivors (5120K)
 Metaspace       used 35567K, committed 36160K, reserved 1114112K
  class space    used 4612K, committed 4864K, reserved 1048576K
}
Event: 7.282 GC heap after
{Heap after GC invocations=9 (full 0):
 garbage-first heap   total 78848K, used 23857K [0x0000000084200000, 0x0000000100000000)
  region size 1024K, 3 young (3072K), 3 survivors (3072K)
 Metaspace       used 35567K, committed 36160K, reserved 1114112K
  class space    used 4612K, committed 4864K, reserved 1048576K
}
Event: 11.067 GC heap before
{Heap before GC invocations=10 (full 0):
 garbage-first heap   total 78848K, used 64817K [0x0000000084200000, 0x0000000100000000)
  region size 1024K, 43 young (44032K), 3 survivors (3072K)
 Metaspace       used 43601K, committed 44288K, reserved 1114112K
  class space    used 5714K, committed 6016K, reserved 1048576K
}
Event: 11.086 GC heap after
{Heap after GC invocations=11 (full 0):
 garbage-first heap   total 78848K, used 27648K [0x0000000084200000, 0x0000000100000000)
  region size 1024K, 6 young (6144K), 6 survivors (6144K)
 Metaspace       used 43601K, committed 44288K, reserved 1114112K
  class space    used 5714K, committed 6016K, reserved 1048576K
}
Event: 360.065 GC heap before
{Heap before GC invocations=11 (full 0):
 garbage-first heap   total 78848K, used 65536K [0x0000000084200000, 0x0000000100000000)
  region size 1024K, 43 young (44032K), 6 survivors (6144K)
 Metaspace       used 51548K, committed 52288K, reserved 1114112K
  class space    used 6771K, committed 7104K, reserved 1048576K
}
Event: 360.143 GC heap after
{Heap after GC invocations=12 (full 0):
 garbage-first heap   total 78848K, used 31110K [0x0000000084200000, 0x0000000100000000)
  region size 1024K, 4 young (4096K), 4 survivors (4096K)
 Metaspace       used 51548K, committed 52288K, reserved 1114112K
  class space    used 6771K, committed 7104K, reserved 1048576K
}

